compute-1-0.localdomain
compute-1-0.localdomain
2 platform(s) found.
Device (0) name: AMD EPYC 7713 64-Core Processor
Device (0) type: CPU
Device (0) supports OpenCL version: OpenCL 1.2 AMD-APP (1800.8)
Device (0) max compute units: 128
Device (1) name: NVIDIA A100 80GB PCIe MIG 1g.20gb
Device (1) type: GPU
Device (1) supports OpenCL version: OpenCL 3.0 CUDA
Device (1) max compute units: 14
My rank: 0
Offset Computação: 0
Length Computação: 512
My rank: 0
Offset Computação: 512
Length Computação: 512

===================================================================================
=   BAD TERMINATION OF ONE OF YOUR APPLICATION PROCESSES
=   PID 539129 RUNNING AT compute-1-0.localdomain
=   EXIT CODE: 139
=   CLEANING UP REMAINING PROCESSES
=   YOU CAN IGNORE THE BELOW CLEANUP MESSAGES
===================================================================================
YOUR APPLICATION TERMINATED WITH THE EXIT STRING: Segmentation fault (signal 11)
This typically refers to a problem with your application.
Please see the FAQ page for debugging suggestions
