compute-0-2.localdomain
compute-0-2.localdomain
compute-0-2.localdomain
compute-0-2.localdomain
compute-0-2.localdomain
compute-0-2.localdomain
compute-0-2.localdomain
compute-0-2.localdomain
compute-0-3.localdomain
compute-0-3.localdomain
compute-0-3.localdomain
compute-0-3.localdomain
compute-0-3.localdomain
compute-0-3.localdomain
compute-0-3.localdomain
compute-0-3.localdomain
compute-3-5.localdomain
compute-3-5.localdomain
compute-3-5.localdomain
compute-3-5.localdomain
compute-3-5.localdomain
compute-3-5.localdomain
compute-3-5.localdomain
compute-3-5.localdomain
compute-3-4.localdomain
compute-3-4.localdomain
compute-3-4.localdomain
compute-3-4.localdomain
compute-3-4.localdomain
compute-3-4.localdomain
compute-3-4.localdomain
compute-3-4.localdomain
compute-0-2.localdomain
compute-0-3.localdomain
compute-3-4.localdomain
compute-3-5.localdomain
2 platform(s) found.
2 platform(s) found.
2 platform(s) found.
2 platform(s) found.
Device (0): NVIDIA RTX 2000 Ada Generation (GPU), CUs=22
Device (0): NVIDIA RTX A2000 12GB (GPU), CUs=26
Device (1): Intel(R) Xeon(R) CPU           E5620  @ 2.40GHz (CPU), CUs=16
Device (1): AMD Opteron(TM) Processor 6272                  (CPU), CUs=32
Device (0): NVIDIA RTX 2000 Ada Generation (GPU), CUs=22
Device (1): Intel(R) Xeon(R) CPU           E5620  @ 2.40GHz (CPU), CUs=16
Device (0): NVIDIA RTX A2000 12GB (GPU), CUs=26
Device (1): AMD Opteron(TM) Processor 6272                  (CPU), CUs=32
todos dispositivos: 8 
todos dispositivos: 8 
todos dispositivos: 8 
todos dispositivos: 8 
Carga: 0.125 rank: 0
Carga: 0.25 rank: 0
Carga: 0.375 rank: 0
Carga: 0.5 rank: 0
Carga: 0.625 rank: 0
Carga: 0.75 rank: 0
Carga: 0.875 rank: 0
Carga: 1 rank: 0
Carga: 0.125 rank: 2
Carga: 0.25 rank: 2
Carga: 0.375 rank: 2
Carga: 0.5 rank: 2
Carga: 0.625 rank: 2
Carga: 0.75 rank: 2
Carga: 0.875 rank: 2
Carga: 1 rank: 2Carga: 0.125 rank: 3
Carga: 0.25 rank: 3
Carga: 0.375 rank: 3
Carga: 0.5 rank: 3
Carga: 0.625 rank: 3
Carga: 0.75 rank: 3
Carga: 0.875
 rank: 3
Carga: 1 rank: 3
Carga: 0.125 rank: 1
Carga: 0.25 rank: 1
Carga: 0.375 rank: 1
Carga: 0.5 rank: 1
Carga: 0.625 rank: 1
Carga: 0.75 rank: 1
Carga: 0.875 rank: 1
Carga: 1 rank: 1
0.020590 0.071369 0.263850 0.848671 2.325696 5.276512 9.503718 12.664243 10.618876 1.830597 
0.019051 0.082407 0.310531 1.022701 2.891430 6.848695 13.140418 19.405596 20.046097 10.618876 
0.020065 0.088288 0.335589 1.116750 3.199677 7.714305 15.171035 23.247267 25.601093 16.170547 
0.020441 0.090744 0.346228 1.157254 3.334409 8.098702 16.088909 25.021471 28.244389 18.958382 
0.020393 0.091015 0.347893 1.165196 3.365911 8.202384 16.367693 25.617832 29.217888 20.092184 
0.019814 0.089012 0.340813 1.143529 3.310567 8.089746 16.200226 25.476431 29.260345 20.411739 
0.018179 0.082836 0.318164 1.070992 3.112910 7.644894 15.408166 24.437550 28.403641 20.246113 
0.014597 0.068860 0.266264 0.902405 2.645211 6.567235 13.426747 21.713293 25.954287 19.426855 
0.008360 0.043671 0.171642 0.591083 1.767322 4.500649 9.515875 16.117582 20.637386 17.285234 
0.000000 0.008360 0.037435 0.143800 0.484548 1.410071 3.467377 6.995178 11.332988 23.281328 
0.020590 0.071369 0.263850 0.848671 2.325696 5.276512 9.503718 12.664243 10.618876 1.830597 
0.019051 0.082407 0.310531 1.022701 2.891430 6.848695 13.140418 19.405596 20.046097 10.618876 
0.020065 0.088288 0.335589 1.116750 3.199677 7.714305 15.171035 23.247267 25.601093 16.170547 
0.020441 0.090744 0.346228 1.157254 3.334409 8.098702 16.088909 25.021471 28.244389 18.958382 
0.020393 0.091015 0.347893 1.165196 3.365911 8.202384 16.367693 25.617832 29.217888 20.092184 
0.019814 0.089012 0.340813 1.143529 3.310567 8.089746 16.200226 25.476431 29.260345 20.411739 
0.018179 0.082836 0.318164 1.070992 3.112910 7.644894 15.408166 24.437550 28.403641 20.246113 
0.014597 0.068860 0.266264 0.902405 2.645211 6.567235 13.426747 21.713293 25.954287 19.426855 
0.008360 0.043671 0.171642 0.591083 1.767322 4.500649 9.515875 16.117582 20.637386 17.285234 
0.000000 0.008360 0.037435 0.143800 0.484548 1.410071 3.467377 6.995178 11.332988 23.281328 
0.020590 0.071369 0.263850 0.848671 2.325696 5.276512 9.503718 12.664243 10.618876 1.830597 
0.019051 0.082407 0.310531 1.022701 2.891430 6.848695 13.140418 19.405596 20.046097 10.618876 
0.020065 0.088288 0.335589 1.116750 3.199677 7.714305 15.171035 23.247267 25.601093 16.170547 
0.020441 0.090744 0.346228 1.157254 3.334409 8.098702 16.088909 25.021471 28.244389 18.958382 
0.020393 0.091015 0.347893 1.165196 3.365911 8.202384 16.367693 25.617832 29.217888 20.092184 
0.019814 0.089012 0.340813 1.143529 3.310567 8.089746 16.200226 25.476431 29.260345 20.411739 
0.018179 0.082836 0.318164 1.070992 3.112910 7.644894 15.408166 24.437550 28.403641 20.246113 
0.014597 0.068860 0.266264 0.902405 2.645211 6.567235 13.426747 21.713293 25.954287 19.426855 
0.008360 0.043671 0.171642 0.591083 1.767322 4.500649 9.515875 16.117582 20.637386 17.285234 
0.000000 0.008360 0.037435 0.143800 0.484548 1.410071 3.467377 6.995178 11.332988 23.281328 
0.020590 0.071369 0.263850 0.848671 2.325696 5.276512 9.503718 12.664243 10.618876 1.830597 
0.019051 0.082407 0.310531 1.022701 2.891430 6.848695 13.140418 19.405596 20.046097 10.618876 
0.020065 0.088288 0.335589 1.116750 3.199677 7.714305 15.171035 23.247267 25.601093 16.170547 
0.020441 0.090744 0.346228 1.157254 3.334409 8.098702 16.088909 25.021471 28.244389 18.958382 
0.020393 0.091015 0.347893 1.165196 3.365911 8.202384 16.367693 25.617832 29.217888 20.092184 
0.019814 0.089012 0.340813 1.143529 3.310567 8.089746 16.200226 25.476431 29.260345 20.411739 
0.018179 0.082836 0.318164 1.070992 3.112910 7.644894 15.408166 24.437550 28.403641 20.246113 
0.014597 0.068860 0.266264 0.902405 2.645211 6.567235 13.426747 21.713293 25.954287 19.426855 
0.008360 0.043671 0.171642 0.591083 1.767322 4.500649 9.515875 16.117582 20.637386 17.285234 
0.000000 0.008360 0.037435 0.143800 0.484548 1.410071 3.467377 6.995178 11.332988 23.281328 
0.020590 0.071369 0.263850 0.848671 2.325696 5.276512 9.503718 12.664243 10.618876 1.830597 
0.019051 0.082407 0.310531 1.022701 2.891430 6.848695 13.140418 19.405596 20.046097 10.618876 
0.020065 0.088288 0.335589 1.116750 3.199677 7.714305 15.171035 23.247267 25.601093 16.170547 
0.020441 0.090744 0.346228 1.157254 3.334409 8.098702 16.088909 25.021471 28.244389 18.958382 
0.020393 0.091015 0.347893 1.165196 3.365911 8.202384 16.367693 25.617832 29.217888 20.092184 
0.019814 0.089012 0.340813 1.143529 3.310567 8.089746 16.200226 25.476431 29.260345 20.411739 
0.018179 0.082836 0.318164 1.070992 3.112910 7.644894 15.408166 24.437550 28.403641 20.246113 
0.014597 0.068860 0.266264 0.902405 2.645211 6.567235 13.426747 21.713293 25.954287 19.426855 
0.008360 0.043671 0.171642 0.591083 1.767322 4.500649 9.515875 16.117582 20.637386 17.285234 
0.000000 0.008360 0.037435 0.143800 0.484548 1.410071 3.467377 6.995178 11.332988 23.281328 
0.020590 0.071369 0.263850 0.848671 2.325696 5.276512 9.503718 12.664243 10.618876 1.830597 
0.019051 0.082407 0.310531 1.022701 2.891430 6.848695 13.140418 19.405596 20.046097 10.618876 
0.020065 0.088288 0.335589 1.116750 3.199677 7.714305 15.171035 23.247267 25.601093 16.170547 
0.020441 0.090744 0.346228 1.157254 3.334409 8.098702 16.088909 25.021471 28.244389 18.958382 
0.020393 0.091015 0.347893 1.165196 3.365911 8.202384 16.367693 25.617832 29.217888 20.092184 
0.019814 0.089012 0.340813 1.143529 3.310567 8.089746 16.200226 25.476431 29.260345 20.411739 
0.018179 0.082836 0.318164 1.070992 3.112910 7.644894 15.408166 24.437550 28.403641 20.246113 
0.014597 0.068860 0.266264 0.902405 2.645211 6.567235 13.426747 21.713293 25.954287 19.426855 
0.008360 0.043671 0.171642 0.591083 1.767322 4.500649 9.515875 16.117582 20.637386 17.285234 
0.000000 0.008360 0.037435 0.143800 0.484548 1.410071 3.467377 6.995178 11.332988 23.281328 
0.020590 0.071369 0.263850 0.848671 2.325696 5.276512 9.503718 12.664243 10.618876 1.830597 
0.019051 0.082407 0.310531 1.022701 2.891430 6.848695 13.140418 19.405596 20.046097 10.618876 
0.020065 0.088288 0.335589 1.116750 3.199677 7.714305 15.171035 23.247267 25.601093 16.170547 
0.020441 0.090744 0.346228 1.157254 3.334409 8.098702 16.088909 25.021471 28.244389 18.958382 
0.020393 0.091015 0.347893 1.165196 3.365911 8.202384 16.367693 25.617832 29.217888 20.092184 
0.019814 0.089012 0.340813 1.143529 3.310567 8.089746 16.200226 25.476431 29.260345 20.411739 
0.018179 0.082836 0.318164 1.070992 3.112910 7.644894 15.408166 24.437550 28.403641 20.246113 
0.014597 0.068860 0.266264 0.902405 2.645211 6.567235 13.426747 21.713293 25.954287 19.426855 
0.008360 0.043671 0.171642 0.591083 1.767322 4.500649 9.515875 16.117582 20.637386 17.285234 
0.000000 0.008360 0.037435 0.143800 0.484548 1.410071 3.467377 6.995178 11.332988 23.281328 
0.020590 0.071369 0.263850 0.848671 2.325696 5.276512 9.503718 12.664243 10.618876 1.830597 
0.019051 0.082407 0.310531 1.022701 2.891430 6.848695 13.140418 19.405596 20.046097 10.618876 
0.020065 0.088288 0.335589 1.116750 3.199677 7.714305 15.171035 23.247267 25.601093 16.170547 
0.020441 0.090744 0.346228 1.157254 3.334409 8.098702 16.088909 25.021471 28.244389 18.958382 
0.020393 0.091015 0.347893 1.165196 3.365911 8.202384 16.367693 25.617832 29.217888 20.092184 
0.019814 0.089012 0.340813 1.143529 3.310567 8.089746 16.200226 25.476431 29.260345 20.411739 
0.018179 0.082836 0.318164 1.070992 3.112910 7.644894 15.408166 24.437550 28.403641 20.246113 
0.014597 0.068860 0.266264 0.902405 2.645211 6.567235 13.426747 21.713293 25.954287 19.426855 
0.008360 0.043671 0.171642 0.591083 1.767322 4.500649 9.515875 16.117582 20.637386 17.285234 
0.000000 0.008360 0.037435 0.143800 0.484548 1.410071 3.467377 6.995178 11.332988 23.281328 
0.020590 0.071369 0.263850 0.848671 2.325696 5.276512 9.503718 12.664243 10.618876 1.830597 
0.019051 0.082407 0.310531 1.022701 2.891430 6.848695 13.140418 19.405596 20.046097 10.618876 
0.020065 0.088288 0.335589 1.116750 3.199677 7.714305 15.171035 23.247267 25.601093 16.170547 
0.020441 0.090744 0.346228 1.157254 3.334409 8.098702 16.088909 25.021471 28.244389 18.958382 
0.020393 0.091015 0.347893 1.165196 3.365911 8.202384 16.367693 25.617832 29.217888 20.092184 
0.019814 0.089012 0.340813 1.143529 3.310567 8.089746 16.200226 25.476431 29.260345 20.411739 
0.018179 0.082836 0.318164 1.070992 3.112910 7.644894 15.408166 24.437550 28.403641 20.246113 
0.014597 0.068860 0.266264 0.902405 2.645211 6.567235 13.426747 21.713293 25.954287 19.426855 
0.008360 0.043671 0.171642 0.591083 1.767322 4.500649 9.515875 16.117582 20.637386 17.285234 
0.000000 0.008360 0.037435 0.143800 0.484548 1.410071 3.467377 6.995178 11.332988 23.281328 
0.020590 0.071369 0.263850 0.848671 2.325696 5.276512 9.503718 12.664243 10.618876 1.830597 
0.019051 0.082407 0.310531 1.022701 2.891430 6.848695 13.140418 19.405596 20.046097 10.618876 
0.020065 0.088288 0.335589 1.116750 3.199677 7.714305 15.171035 23.247267 25.601093 16.170547 
0.020441 0.090744 0.346228 1.157254 3.334409 8.098702 16.088909 25.021471 28.244389 18.958382 
0.020393 0.091015 0.347893 1.165196 3.365911 8.202384 16.367693 25.617832 29.217888 20.092184 
0.019814 0.089012 0.340813 1.143529 3.310567 8.089746 16.200226 25.476431 29.260345 20.411739 
0.018179 0.082836 0.318164 1.070992 3.112910 7.644894 15.408166 24.437550 28.403641 20.246113 
0.014597 0.068860 0.266264 0.902405 2.645211 6.567235 13.426747 21.713293 25.954287 19.426855 
0.008360 0.043671 0.171642 0.591083 1.767322 4.500649 9.515875 16.117582 20.637386 17.285234 
0.000000 0.008360 0.037435 0.143800 0.484548 1.410071 3.467377 6.995178 11.332988 23.281328 
Cells printed: 1000
Tempo execução:31.4969
